<?xml version="1.0" encoding="UTF-8"?>
<!-- Generated by org.testng.reporters.JUnitReportReporter -->
<testsuite hostname="LAPTOP-CT7JO172" failures="0" tests="7" name="Apche.Sample.Testexcel" time="5.343" errors="0" timestamp="2021-05-04T21:17:52 IST" skipped="0">
  <testcase classname="Apche.Sample.Testexcel" name="testdata" time="0.634"/>
  <system-out/>
  <testcase classname="Apche.Sample.Testexcel" name="testdata" time="1.649"/>
  <system-out/>
  <testcase classname="Apche.Sample.Testexcel" name="testdata" time="0.610"/>
  <system-out/>
  <testcase classname="Apche.Sample.Testexcel" name="testdata" time="0.611"/>
  <system-out/>
  <testcase classname="Apche.Sample.Testexcel" name="testdata" time="0.623"/>
  <system-out/>
  <testcase classname="Apche.Sample.Testexcel" name="testdata" time="0.620"/>
  <system-out/>
  <testcase classname="Apche.Sample.Testexcel" name="testdata" time="0.596"/>
  <system-out/>
</testsuite> <!-- Apche.Sample.Testexcel -->
