<?xml version="1.0" encoding="UTF-8"?>
<!-- Generated by org.testng.reporters.JUnitReportReporter -->
<testsuite hostname="LAPTOP-5JVJ9UUP" failures="0" tests="3" name="TestScript.TestScript1" time="222.004" errors="0" timestamp="2021-05-11T22:49:42 IST" skipped="0">
  <testcase classname="TestScript.TestScript1" name="login" time="97.467"/>
  <system-out/>
  <testcase classname="TestScript.TestScript1" name="testdata" time="62.224"/>
  <system-out/>
  <testcase classname="TestScript.TestScript1" name="testdata" time="62.313"/>
  <system-out/>
</testsuite> <!-- TestScript.TestScript1 -->
